[0.888s] Invoking command in '/home/bpresa/Mechatronics_and_Robot_Programming/Exercises/Exercise_03/ros_turtlebot3_ws/src/motion_control': PYTHONPATH=/home/bpresa/Mechatronics_and_Robot_Programming/Exercises/Exercise_03/ros_turtlebot3_ws/build/motion_control/prefix_override:/home/bpresa/Mechatronics_and_Robot_Programming/Exercises/Exercise_03/ros_turtlebot3_ws/install/motion_control/lib/python3.10/site-packages:${PYTHONPATH} /usr/bin/python3 setup.py egg_info --egg-base ../../build/motion_control build --build-base /home/bpresa/Mechatronics_and_Robot_Programming/Exercises/Exercise_03/ros_turtlebot3_ws/build/motion_control/build install --record /home/bpresa/Mechatronics_and_Robot_Programming/Exercises/Exercise_03/ros_turtlebot3_ws/build/motion_control/install.log --single-version-externally-managed
[1.129s] running egg_info
[1.145s] writing ../../build/motion_control/motion_control.egg-info/PKG-INFO
[1.145s] writing dependency_links to ../../build/motion_control/motion_control.egg-info/dependency_links.txt
[1.145s] writing entry points to ../../build/motion_control/motion_control.egg-info/entry_points.txt
[1.145s] writing requirements to ../../build/motion_control/motion_control.egg-info/requires.txt
[1.145s] writing top-level names to ../../build/motion_control/motion_control.egg-info/top_level.txt
[1.176s] reading manifest file '../../build/motion_control/motion_control.egg-info/SOURCES.txt'
[1.177s] writing manifest file '../../build/motion_control/motion_control.egg-info/SOURCES.txt'
[1.177s] running build
[1.177s] running build_py
[1.178s] copying motion_control/recorder.py -> /home/bpresa/Mechatronics_and_Robot_Programming/Exercises/Exercise_03/ros_turtlebot3_ws/build/motion_control/build/lib/motion_control
[1.178s] running install
[1.178s] /home/bpresa/.local/lib/python3.10/site-packages/setuptools/_distutils/cmd.py:66: SetuptoolsDeprecationWarning: setup.py install is deprecated.
[1.178s] !!
[1.178s] 
[1.178s]         ********************************************************************************
[1.178s]         Please avoid running ``setup.py`` directly.
[1.178s]         Instead, use pypa/build, pypa/installer or other
[1.178s]         standards-based tools.
[1.178s] 
[1.178s]         See https://blog.ganssle.io/articles/2021/10/setup-py-deprecated.html for details.
[1.178s]         ********************************************************************************
[1.179s] 
[1.179s] !!
[1.179s]   self.initialize_options()
[1.184s] running install_lib
[1.199s] copying /home/bpresa/Mechatronics_and_Robot_Programming/Exercises/Exercise_03/ros_turtlebot3_ws/build/motion_control/build/lib/motion_control/recorder.py -> /home/bpresa/Mechatronics_and_Robot_Programming/Exercises/Exercise_03/ros_turtlebot3_ws/install/motion_control/lib/python3.10/site-packages/motion_control
[1.200s] byte-compiling /home/bpresa/Mechatronics_and_Robot_Programming/Exercises/Exercise_03/ros_turtlebot3_ws/install/motion_control/lib/python3.10/site-packages/motion_control/recorder.py to recorder.cpython-310.pyc
[1.201s] running install_data
[1.218s] running install_egg_info
[1.235s] removing '/home/bpresa/Mechatronics_and_Robot_Programming/Exercises/Exercise_03/ros_turtlebot3_ws/install/motion_control/lib/python3.10/site-packages/motion_control-0.0.0-py3.10.egg-info' (and everything under it)
[1.236s] Copying ../../build/motion_control/motion_control.egg-info to /home/bpresa/Mechatronics_and_Robot_Programming/Exercises/Exercise_03/ros_turtlebot3_ws/install/motion_control/lib/python3.10/site-packages/motion_control-0.0.0-py3.10.egg-info
[1.236s] running install_scripts
[1.386s] Installing motion_ctrl script to /home/bpresa/Mechatronics_and_Robot_Programming/Exercises/Exercise_03/ros_turtlebot3_ws/install/motion_control/lib/motion_control
[1.386s] Installing recorder script to /home/bpresa/Mechatronics_and_Robot_Programming/Exercises/Exercise_03/ros_turtlebot3_ws/install/motion_control/lib/motion_control
[1.386s] writing list of installed files to '/home/bpresa/Mechatronics_and_Robot_Programming/Exercises/Exercise_03/ros_turtlebot3_ws/build/motion_control/install.log'
[1.428s] Invoked command in '/home/bpresa/Mechatronics_and_Robot_Programming/Exercises/Exercise_03/ros_turtlebot3_ws/src/motion_control' returned '0': PYTHONPATH=/home/bpresa/Mechatronics_and_Robot_Programming/Exercises/Exercise_03/ros_turtlebot3_ws/build/motion_control/prefix_override:/home/bpresa/Mechatronics_and_Robot_Programming/Exercises/Exercise_03/ros_turtlebot3_ws/install/motion_control/lib/python3.10/site-packages:${PYTHONPATH} /usr/bin/python3 setup.py egg_info --egg-base ../../build/motion_control build --build-base /home/bpresa/Mechatronics_and_Robot_Programming/Exercises/Exercise_03/ros_turtlebot3_ws/build/motion_control/build install --record /home/bpresa/Mechatronics_and_Robot_Programming/Exercises/Exercise_03/ros_turtlebot3_ws/build/motion_control/install.log --single-version-externally-managed
