[0.742s] Invoking command in '/home/bpresa/Mechatronics_and_Robot_Programming/Exercises/Exercise_03/Task_02/ros_turtlebot3_ws/src/motion_control': PYTHONPATH=/home/bpresa/Mechatronics_and_Robot_Programming/Exercises/Exercise_03/Task_02/ros_turtlebot3_ws/build/motion_control/prefix_override:/home/bpresa/Mechatronics_and_Robot_Programming/Exercises/Exercise_03/Task_02/ros_turtlebot3_ws/install/motion_control/lib/python3.10/site-packages:${PYTHONPATH} /usr/bin/python3 setup.py egg_info --egg-base ../../build/motion_control build --build-base /home/bpresa/Mechatronics_and_Robot_Programming/Exercises/Exercise_03/Task_02/ros_turtlebot3_ws/build/motion_control/build install --record /home/bpresa/Mechatronics_and_Robot_Programming/Exercises/Exercise_03/Task_02/ros_turtlebot3_ws/build/motion_control/install.log --single-version-externally-managed
[0.950s] running egg_info
[0.965s] writing ../../build/motion_control/motion_control.egg-info/PKG-INFO
[0.965s] writing dependency_links to ../../build/motion_control/motion_control.egg-info/dependency_links.txt
[0.965s] writing entry points to ../../build/motion_control/motion_control.egg-info/entry_points.txt
[0.965s] writing requirements to ../../build/motion_control/motion_control.egg-info/requires.txt
[0.966s] writing top-level names to ../../build/motion_control/motion_control.egg-info/top_level.txt
[0.995s] reading manifest file '../../build/motion_control/motion_control.egg-info/SOURCES.txt'
[0.996s] writing manifest file '../../build/motion_control/motion_control.egg-info/SOURCES.txt'
[0.996s] running build
[0.996s] running build_py
[0.996s] copying motion_control/turtlebot3_position_control.py -> /home/bpresa/Mechatronics_and_Robot_Programming/Exercises/Exercise_03/Task_02/ros_turtlebot3_ws/build/motion_control/build/lib/motion_control
[0.996s] running install
[0.997s] /home/bpresa/.local/lib/python3.10/site-packages/setuptools/_distutils/cmd.py:66: SetuptoolsDeprecationWarning: setup.py install is deprecated.
[0.997s] !!
[0.997s] 
[0.997s]         ********************************************************************************
[0.997s]         Please avoid running ``setup.py`` directly.
[0.997s]         Instead, use pypa/build, pypa/installer or other
[0.997s]         standards-based tools.
[0.997s] 
[0.997s]         See https://blog.ganssle.io/articles/2021/10/setup-py-deprecated.html for details.
[0.997s]         ********************************************************************************
[0.997s] 
[0.997s] !!
[0.997s]   self.initialize_options()
[1.001s] running install_lib
[1.016s] copying /home/bpresa/Mechatronics_and_Robot_Programming/Exercises/Exercise_03/Task_02/ros_turtlebot3_ws/build/motion_control/build/lib/motion_control/turtlebot3_position_control.py -> /home/bpresa/Mechatronics_and_Robot_Programming/Exercises/Exercise_03/Task_02/ros_turtlebot3_ws/install/motion_control/lib/python3.10/site-packages/motion_control
[1.016s] byte-compiling /home/bpresa/Mechatronics_and_Robot_Programming/Exercises/Exercise_03/Task_02/ros_turtlebot3_ws/install/motion_control/lib/python3.10/site-packages/motion_control/turtlebot3_position_control.py to turtlebot3_position_control.cpython-310.pyc
[1.017s] running install_data
[1.032s] running install_egg_info
[1.047s] removing '/home/bpresa/Mechatronics_and_Robot_Programming/Exercises/Exercise_03/Task_02/ros_turtlebot3_ws/install/motion_control/lib/python3.10/site-packages/motion_control-0.0.0-py3.10.egg-info' (and everything under it)
[1.047s] Copying ../../build/motion_control/motion_control.egg-info to /home/bpresa/Mechatronics_and_Robot_Programming/Exercises/Exercise_03/Task_02/ros_turtlebot3_ws/install/motion_control/lib/python3.10/site-packages/motion_control-0.0.0-py3.10.egg-info
[1.048s] running install_scripts
[1.181s] Installing motion_ctrl script to /home/bpresa/Mechatronics_and_Robot_Programming/Exercises/Exercise_03/Task_02/ros_turtlebot3_ws/install/motion_control/lib/motion_control
[1.181s] writing list of installed files to '/home/bpresa/Mechatronics_and_Robot_Programming/Exercises/Exercise_03/Task_02/ros_turtlebot3_ws/build/motion_control/install.log'
[1.210s] Invoked command in '/home/bpresa/Mechatronics_and_Robot_Programming/Exercises/Exercise_03/Task_02/ros_turtlebot3_ws/src/motion_control' returned '0': PYTHONPATH=/home/bpresa/Mechatronics_and_Robot_Programming/Exercises/Exercise_03/Task_02/ros_turtlebot3_ws/build/motion_control/prefix_override:/home/bpresa/Mechatronics_and_Robot_Programming/Exercises/Exercise_03/Task_02/ros_turtlebot3_ws/install/motion_control/lib/python3.10/site-packages:${PYTHONPATH} /usr/bin/python3 setup.py egg_info --egg-base ../../build/motion_control build --build-base /home/bpresa/Mechatronics_and_Robot_Programming/Exercises/Exercise_03/Task_02/ros_turtlebot3_ws/build/motion_control/build install --record /home/bpresa/Mechatronics_and_Robot_Programming/Exercises/Exercise_03/Task_02/ros_turtlebot3_ws/build/motion_control/install.log --single-version-externally-managed
