[1.635s] Invoking command in '/home/bpresa/Mechatronics_and_Robot_Programming/Exercises/Exercise_03/ros_turtlebot3_ws/src/motion_control': PYTHONPATH=/home/bpresa/Mechatronics_and_Robot_Programming/Exercises/Exercise_03/ros_turtlebot3_ws/build/motion_control/prefix_override:/home/bpresa/Mechatronics_and_Robot_Programming/Exercises/Exercise_03/ros_turtlebot3_ws/install/motion_control/lib/python3.10/site-packages:${PYTHONPATH} /usr/bin/python3 setup.py egg_info --egg-base ../../build/motion_control build --build-base /home/bpresa/Mechatronics_and_Robot_Programming/Exercises/Exercise_03/ros_turtlebot3_ws/build/motion_control/build install --record /home/bpresa/Mechatronics_and_Robot_Programming/Exercises/Exercise_03/ros_turtlebot3_ws/build/motion_control/install.log --single-version-externally-managed
[2.069s] running egg_info
[2.098s] writing ../../build/motion_control/motion_control.egg-info/PKG-INFO
[2.099s] writing dependency_links to ../../build/motion_control/motion_control.egg-info/dependency_links.txt
[2.099s] writing entry points to ../../build/motion_control/motion_control.egg-info/entry_points.txt
[2.099s] writing requirements to ../../build/motion_control/motion_control.egg-info/requires.txt
[2.099s] writing top-level names to ../../build/motion_control/motion_control.egg-info/top_level.txt
[2.156s] reading manifest file '../../build/motion_control/motion_control.egg-info/SOURCES.txt'
[2.158s] writing manifest file '../../build/motion_control/motion_control.egg-info/SOURCES.txt'
[2.158s] running build
[2.158s] running build_py
[2.159s] running install
[2.159s] /home/bpresa/.local/lib/python3.10/site-packages/setuptools/_distutils/cmd.py:66: SetuptoolsDeprecationWarning: setup.py install is deprecated.
[2.159s] !!
[2.159s] 
[2.159s]         ********************************************************************************
[2.159s]         Please avoid running ``setup.py`` directly.
[2.159s]         Instead, use pypa/build, pypa/installer or other
[2.159s]         standards-based tools.
[2.160s] 
[2.160s]         See https://blog.ganssle.io/articles/2021/10/setup-py-deprecated.html for details.
[2.160s]         ********************************************************************************
[2.160s] 
[2.160s] !!
[2.160s]   self.initialize_options()
[2.167s] running install_lib
[2.196s] running install_data
[2.225s] running install_egg_info
[2.254s] removing '/home/bpresa/Mechatronics_and_Robot_Programming/Exercises/Exercise_03/ros_turtlebot3_ws/install/motion_control/lib/python3.10/site-packages/motion_control-0.0.0-py3.10.egg-info' (and everything under it)
[2.255s] Copying ../../build/motion_control/motion_control.egg-info to /home/bpresa/Mechatronics_and_Robot_Programming/Exercises/Exercise_03/ros_turtlebot3_ws/install/motion_control/lib/python3.10/site-packages/motion_control-0.0.0-py3.10.egg-info
[2.256s] running install_scripts
[2.543s] Installing motion_ctrl script to /home/bpresa/Mechatronics_and_Robot_Programming/Exercises/Exercise_03/ros_turtlebot3_ws/install/motion_control/lib/motion_control
[2.543s] Installing recorder script to /home/bpresa/Mechatronics_and_Robot_Programming/Exercises/Exercise_03/ros_turtlebot3_ws/install/motion_control/lib/motion_control
[2.544s] writing list of installed files to '/home/bpresa/Mechatronics_and_Robot_Programming/Exercises/Exercise_03/ros_turtlebot3_ws/build/motion_control/install.log'
[2.623s] Invoked command in '/home/bpresa/Mechatronics_and_Robot_Programming/Exercises/Exercise_03/ros_turtlebot3_ws/src/motion_control' returned '0': PYTHONPATH=/home/bpresa/Mechatronics_and_Robot_Programming/Exercises/Exercise_03/ros_turtlebot3_ws/build/motion_control/prefix_override:/home/bpresa/Mechatronics_and_Robot_Programming/Exercises/Exercise_03/ros_turtlebot3_ws/install/motion_control/lib/python3.10/site-packages:${PYTHONPATH} /usr/bin/python3 setup.py egg_info --egg-base ../../build/motion_control build --build-base /home/bpresa/Mechatronics_and_Robot_Programming/Exercises/Exercise_03/ros_turtlebot3_ws/build/motion_control/build install --record /home/bpresa/Mechatronics_and_Robot_Programming/Exercises/Exercise_03/ros_turtlebot3_ws/build/motion_control/install.log --single-version-externally-managed
