running egg_info
writing ../../build/motion_control/motion_control.egg-info/PKG-INFO
writing dependency_links to ../../build/motion_control/motion_control.egg-info/dependency_links.txt
writing entry points to ../../build/motion_control/motion_control.egg-info/entry_points.txt
writing requirements to ../../build/motion_control/motion_control.egg-info/requires.txt
writing top-level names to ../../build/motion_control/motion_control.egg-info/top_level.txt
reading manifest file '../../build/motion_control/motion_control.egg-info/SOURCES.txt'
writing manifest file '../../build/motion_control/motion_control.egg-info/SOURCES.txt'
running build
running build_py
copying motion_control/recorder.py -> /home/bpresa/Mechatronics_and_Robot_Programming/Exercises/Exercise_03/ros_turtlebot3_ws/build/motion_control/build/lib/motion_control
copying motion_control/turtlebot3_position_control.py -> /home/bpresa/Mechatronics_and_Robot_Programming/Exercises/Exercise_03/ros_turtlebot3_ws/build/motion_control/build/lib/motion_control
running install
/home/bpresa/.local/lib/python3.10/site-packages/setuptools/_distutils/cmd.py:66: SetuptoolsDeprecationWarning: setup.py install is deprecated.
!!

        ********************************************************************************
        Please avoid running ``setup.py`` directly.
        Instead, use pypa/build, pypa/installer or other
        standards-based tools.

        See https://blog.ganssle.io/articles/2021/10/setup-py-deprecated.html for details.
        ********************************************************************************

!!
  self.initialize_options()
running install_lib
copying /home/bpresa/Mechatronics_and_Robot_Programming/Exercises/Exercise_03/ros_turtlebot3_ws/build/motion_control/build/lib/motion_control/recorder.py -> /home/bpresa/Mechatronics_and_Robot_Programming/Exercises/Exercise_03/ros_turtlebot3_ws/install/motion_control/lib/python3.10/site-packages/motion_control
copying /home/bpresa/Mechatronics_and_Robot_Programming/Exercises/Exercise_03/ros_turtlebot3_ws/build/motion_control/build/lib/motion_control/turtlebot3_position_control.py -> /home/bpresa/Mechatronics_and_Robot_Programming/Exercises/Exercise_03/ros_turtlebot3_ws/install/motion_control/lib/python3.10/site-packages/motion_control
byte-compiling /home/bpresa/Mechatronics_and_Robot_Programming/Exercises/Exercise_03/ros_turtlebot3_ws/install/motion_control/lib/python3.10/site-packages/motion_control/recorder.py to recorder.cpython-310.pyc
byte-compiling /home/bpresa/Mechatronics_and_Robot_Programming/Exercises/Exercise_03/ros_turtlebot3_ws/install/motion_control/lib/python3.10/site-packages/motion_control/turtlebot3_position_control.py to turtlebot3_position_control.cpython-310.pyc
running install_data
running install_egg_info
removing '/home/bpresa/Mechatronics_and_Robot_Programming/Exercises/Exercise_03/ros_turtlebot3_ws/install/motion_control/lib/python3.10/site-packages/motion_control-0.0.0-py3.10.egg-info' (and everything under it)
Copying ../../build/motion_control/motion_control.egg-info to /home/bpresa/Mechatronics_and_Robot_Programming/Exercises/Exercise_03/ros_turtlebot3_ws/install/motion_control/lib/python3.10/site-packages/motion_control-0.0.0-py3.10.egg-info
running install_scripts
Installing motion_ctrl script to /home/bpresa/Mechatronics_and_Robot_Programming/Exercises/Exercise_03/ros_turtlebot3_ws/install/motion_control/lib/motion_control
Installing recorder script to /home/bpresa/Mechatronics_and_Robot_Programming/Exercises/Exercise_03/ros_turtlebot3_ws/install/motion_control/lib/motion_control
writing list of installed files to '/home/bpresa/Mechatronics_and_Robot_Programming/Exercises/Exercise_03/ros_turtlebot3_ws/build/motion_control/install.log'
