[0.478s] DEBUG:colcon:Command line arguments: ['/usr/bin/colcon', 'build']
[0.478s] DEBUG:colcon:Parsed command line arguments: Namespace(log_base=None, log_level=None, verb_name='build', build_base='build', install_base='install', merge_install=False, symlink_install=False, test_result_base=None, continue_on_error=False, executor='parallel', parallel_workers=8, event_handlers=None, ignore_user_meta=False, metas=['./colcon.meta'], base_paths=['.'], packages_ignore=None, packages_ignore_regex=None, paths=None, packages_up_to=None, packages_up_to_regex=None, packages_above=None, packages_above_and_dependencies=None, packages_above_depth=None, packages_select_by_dep=None, packages_skip_by_dep=None, packages_skip_up_to=None, packages_select_build_failed=False, packages_skip_build_finished=False, packages_select_test_failures=False, packages_skip_test_passed=False, packages_select=None, packages_skip=None, packages_select_regex=None, packages_skip_regex=None, packages_start=None, packages_end=None, allow_overriding=[], cmake_args=None, cmake_target=None, cmake_target_skip_unavailable=False, cmake_clean_cache=False, cmake_clean_first=False, cmake_force_configure=False, ament_cmake_args=None, catkin_cmake_args=None, catkin_skip_building_tests=False, verb_parser=<colcon_defaults.argument_parser.defaults.DefaultArgumentsDecorator object at 0x7f0fdca4bd00>, verb_extension=<colcon_core.verb.build.BuildVerb object at 0x7f0fdcbb9840>, main=<bound method BuildVerb.main of <colcon_core.verb.build.BuildVerb object at 0x7f0fdcbb9840>>)
[0.539s] Level 1:colcon.colcon_core.package_discovery:discover_packages(colcon_meta) check parameters
[0.540s] Level 1:colcon.colcon_core.package_discovery:discover_packages(recursive) check parameters
[0.540s] Level 1:colcon.colcon_core.package_discovery:discover_packages(ignore) check parameters
[0.540s] Level 1:colcon.colcon_core.package_discovery:discover_packages(path) check parameters
[0.540s] Level 1:colcon.colcon_core.package_discovery:discover_packages(colcon_meta) discover
[0.540s] Level 1:colcon.colcon_core.package_discovery:discover_packages(recursive) discover
[0.540s] INFO:colcon.colcon_core.package_discovery:Crawling recursively for packages in '/home/bpresa/Mechatronics_and_Robot_Programming/Exercises/Exercise_03/Task_02/ros_turtlebot3_ws'
[0.540s] Level 1:colcon.colcon_core.package_identification:_identify(.) by extensions ['ignore', 'ignore_ament_install']
[0.540s] Level 1:colcon.colcon_core.package_identification:_identify(.) by extension 'ignore'
[0.541s] Level 1:colcon.colcon_core.package_identification:_identify(.) by extension 'ignore_ament_install'
[0.541s] Level 1:colcon.colcon_core.package_identification:_identify(.) by extensions ['colcon_pkg']
[0.541s] Level 1:colcon.colcon_core.package_identification:_identify(.) by extension 'colcon_pkg'
[0.541s] Level 1:colcon.colcon_core.package_identification:_identify(.) by extensions ['colcon_meta']
[0.541s] Level 1:colcon.colcon_core.package_identification:_identify(.) by extension 'colcon_meta'
[0.541s] Level 1:colcon.colcon_core.package_identification:_identify(.) by extensions ['ros']
[0.541s] Level 1:colcon.colcon_core.package_identification:_identify(.) by extension 'ros'
[0.567s] Level 1:colcon.colcon_core.package_identification:_identify(.) by extensions ['cmake', 'python']
[0.567s] Level 1:colcon.colcon_core.package_identification:_identify(.) by extension 'cmake'
[0.567s] Level 1:colcon.colcon_core.package_identification:_identify(.) by extension 'python'
[0.567s] Level 1:colcon.colcon_core.package_identification:_identify(.) by extensions ['python_setup_py']
[0.567s] Level 1:colcon.colcon_core.package_identification:_identify(.) by extension 'python_setup_py'
[0.567s] Level 1:colcon.colcon_core.package_identification:_identify(build) by extensions ['ignore', 'ignore_ament_install']
[0.567s] Level 1:colcon.colcon_core.package_identification:_identify(build) by extension 'ignore'
[0.567s] Level 1:colcon.colcon_core.package_identification:_identify(build) ignored
[0.567s] Level 1:colcon.colcon_core.package_identification:_identify(install) by extensions ['ignore', 'ignore_ament_install']
[0.568s] Level 1:colcon.colcon_core.package_identification:_identify(install) by extension 'ignore'
[0.568s] Level 1:colcon.colcon_core.package_identification:_identify(install) ignored
[0.568s] Level 1:colcon.colcon_core.package_identification:_identify(log) by extensions ['ignore', 'ignore_ament_install']
[0.569s] Level 1:colcon.colcon_core.package_identification:_identify(log) by extension 'ignore'
[0.569s] Level 1:colcon.colcon_core.package_identification:_identify(log) ignored
[0.569s] Level 1:colcon.colcon_core.package_identification:_identify(src) by extensions ['ignore', 'ignore_ament_install']
[0.569s] Level 1:colcon.colcon_core.package_identification:_identify(src) by extension 'ignore'
[0.570s] Level 1:colcon.colcon_core.package_identification:_identify(src) by extension 'ignore_ament_install'
[0.570s] Level 1:colcon.colcon_core.package_identification:_identify(src) by extensions ['colcon_pkg']
[0.570s] Level 1:colcon.colcon_core.package_identification:_identify(src) by extension 'colcon_pkg'
[0.570s] Level 1:colcon.colcon_core.package_identification:_identify(src) by extensions ['colcon_meta']
[0.570s] Level 1:colcon.colcon_core.package_identification:_identify(src) by extension 'colcon_meta'
[0.570s] Level 1:colcon.colcon_core.package_identification:_identify(src) by extensions ['ros']
[0.570s] Level 1:colcon.colcon_core.package_identification:_identify(src) by extension 'ros'
[0.570s] Level 1:colcon.colcon_core.package_identification:_identify(src) by extensions ['cmake', 'python']
[0.570s] Level 1:colcon.colcon_core.package_identification:_identify(src) by extension 'cmake'
[0.570s] Level 1:colcon.colcon_core.package_identification:_identify(src) by extension 'python'
[0.571s] Level 1:colcon.colcon_core.package_identification:_identify(src) by extensions ['python_setup_py']
[0.571s] Level 1:colcon.colcon_core.package_identification:_identify(src) by extension 'python_setup_py'
[0.571s] Level 1:colcon.colcon_core.package_identification:_identify(src/motion_control) by extensions ['ignore', 'ignore_ament_install']
[0.571s] Level 1:colcon.colcon_core.package_identification:_identify(src/motion_control) by extension 'ignore'
[0.571s] Level 1:colcon.colcon_core.package_identification:_identify(src/motion_control) by extension 'ignore_ament_install'
[0.571s] Level 1:colcon.colcon_core.package_identification:_identify(src/motion_control) by extensions ['colcon_pkg']
[0.571s] Level 1:colcon.colcon_core.package_identification:_identify(src/motion_control) by extension 'colcon_pkg'
[0.571s] Level 1:colcon.colcon_core.package_identification:_identify(src/motion_control) by extensions ['colcon_meta']
[0.571s] Level 1:colcon.colcon_core.package_identification:_identify(src/motion_control) by extension 'colcon_meta'
[0.571s] Level 1:colcon.colcon_core.package_identification:_identify(src/motion_control) by extensions ['ros']
[0.571s] Level 1:colcon.colcon_core.package_identification:_identify(src/motion_control) by extension 'ros'
[0.575s] DEBUG:colcon.colcon_core.package_identification:Package 'src/motion_control' with type 'ros.ament_python' and name 'motion_control'
[0.576s] Level 1:colcon.colcon_core.package_discovery:discover_packages(recursive) using defaults
[0.576s] Level 1:colcon.colcon_core.package_discovery:discover_packages(ignore) discover
[0.576s] Level 1:colcon.colcon_core.package_discovery:discover_packages(ignore) using defaults
[0.576s] Level 1:colcon.colcon_core.package_discovery:discover_packages(path) discover
[0.576s] Level 1:colcon.colcon_core.package_discovery:discover_packages(path) using defaults
[0.622s] Level 1:colcon.colcon_core.package_discovery:discover_packages(prefix_path) check parameters
[0.622s] Level 1:colcon.colcon_core.package_discovery:discover_packages(prefix_path) discover
[0.625s] WARNING:colcon.colcon_ros.prefix_path.ament:The path '/home/bpresa/Mechatronics_and_Robot_Programming/Exercises/Exercise_03/Task_02/ros_turtlebot3_ws/install/turtlebot3_navg_ctrl' in the environment variable AMENT_PREFIX_PATH doesn't exist
[0.628s] DEBUG:colcon.colcon_installed_package_information.package_discovery:Found 1 installed packages in /home/bpresa/Mechatronics_and_Robot_Programming/Exercises/Exercise_03/Task_02/ros_turtlebot3_ws/install
[0.630s] DEBUG:colcon.colcon_installed_package_information.package_discovery:Found 15 installed packages in /home/bpresa/turtlebot3_ws/install
[0.634s] DEBUG:colcon.colcon_installed_package_information.package_discovery:Found 394 installed packages in /opt/ros/humble
[0.639s] Level 1:colcon.colcon_core.package_discovery:discover_packages(prefix_path) using defaults
[0.767s] Level 5:colcon.colcon_core.verb:set package 'motion_control' build argument 'cmake_args' from command line to 'None'
[0.767s] Level 5:colcon.colcon_core.verb:set package 'motion_control' build argument 'cmake_target' from command line to 'None'
[0.767s] Level 5:colcon.colcon_core.verb:set package 'motion_control' build argument 'cmake_target_skip_unavailable' from command line to 'False'
[0.767s] Level 5:colcon.colcon_core.verb:set package 'motion_control' build argument 'cmake_clean_cache' from command line to 'False'
[0.767s] Level 5:colcon.colcon_core.verb:set package 'motion_control' build argument 'cmake_clean_first' from command line to 'False'
[0.767s] Level 5:colcon.colcon_core.verb:set package 'motion_control' build argument 'cmake_force_configure' from command line to 'False'
[0.767s] Level 5:colcon.colcon_core.verb:set package 'motion_control' build argument 'ament_cmake_args' from command line to 'None'
[0.767s] Level 5:colcon.colcon_core.verb:set package 'motion_control' build argument 'catkin_cmake_args' from command line to 'None'
[0.767s] Level 5:colcon.colcon_core.verb:set package 'motion_control' build argument 'catkin_skip_building_tests' from command line to 'False'
[0.767s] DEBUG:colcon.colcon_core.verb:Building package 'motion_control' with the following arguments: {'ament_cmake_args': None, 'build_base': '/home/bpresa/Mechatronics_and_Robot_Programming/Exercises/Exercise_03/Task_02/ros_turtlebot3_ws/build/motion_control', 'catkin_cmake_args': None, 'catkin_skip_building_tests': False, 'cmake_args': None, 'cmake_clean_cache': False, 'cmake_clean_first': False, 'cmake_force_configure': False, 'cmake_target': None, 'cmake_target_skip_unavailable': False, 'install_base': '/home/bpresa/Mechatronics_and_Robot_Programming/Exercises/Exercise_03/Task_02/ros_turtlebot3_ws/install/motion_control', 'merge_install': False, 'path': '/home/bpresa/Mechatronics_and_Robot_Programming/Exercises/Exercise_03/Task_02/ros_turtlebot3_ws/src/motion_control', 'symlink_install': False, 'test_result_base': None}
[0.769s] INFO:colcon.colcon_core.executor:Executing jobs using 'parallel' executor
[0.773s] DEBUG:colcon.colcon_parallel_executor.executor.parallel:run_until_complete
[0.774s] INFO:colcon.colcon_ros.task.ament_python.build:Building ROS package in '/home/bpresa/Mechatronics_and_Robot_Programming/Exercises/Exercise_03/Task_02/ros_turtlebot3_ws/src/motion_control' with build type 'ament_python'
[0.774s] Level 1:colcon.colcon_core.shell:create_environment_hook('motion_control', 'ament_prefix_path')
[0.782s] INFO:colcon.colcon_core.plugin_system:Skipping extension 'colcon_core.shell.bat': Not used on non-Windows systems
[0.782s] INFO:colcon.colcon_core.shell:Creating environment hook '/home/bpresa/Mechatronics_and_Robot_Programming/Exercises/Exercise_03/Task_02/ros_turtlebot3_ws/install/motion_control/share/motion_control/hook/ament_prefix_path.ps1'
[0.783s] INFO:colcon.colcon_core.shell:Creating environment descriptor '/home/bpresa/Mechatronics_and_Robot_Programming/Exercises/Exercise_03/Task_02/ros_turtlebot3_ws/install/motion_control/share/motion_control/hook/ament_prefix_path.dsv'
[0.784s] INFO:colcon.colcon_core.shell:Creating environment hook '/home/bpresa/Mechatronics_and_Robot_Programming/Exercises/Exercise_03/Task_02/ros_turtlebot3_ws/install/motion_control/share/motion_control/hook/ament_prefix_path.sh'
[0.787s] INFO:colcon.colcon_core.shell:Skip shell extension 'powershell' for command environment: Not usable outside of PowerShell
[0.787s] DEBUG:colcon.colcon_core.shell:Skip shell extension 'dsv' for command environment
[1.203s] INFO:colcon.colcon_core.task.python.build:Building Python package in '/home/bpresa/Mechatronics_and_Robot_Programming/Exercises/Exercise_03/Task_02/ros_turtlebot3_ws/src/motion_control'
[1.205s] INFO:colcon.colcon_core.shell:Skip shell extension 'powershell' for command environment: Not usable outside of PowerShell
[1.205s] DEBUG:colcon.colcon_core.shell:Skip shell extension 'dsv' for command environment
[2.273s] DEBUG:colcon.colcon_core.event_handler.log_command:Invoking command in '/home/bpresa/Mechatronics_and_Robot_Programming/Exercises/Exercise_03/Task_02/ros_turtlebot3_ws/src/motion_control': PYTHONPATH=/home/bpresa/Mechatronics_and_Robot_Programming/Exercises/Exercise_03/Task_02/ros_turtlebot3_ws/build/motion_control/prefix_override:/home/bpresa/Mechatronics_and_Robot_Programming/Exercises/Exercise_03/Task_02/ros_turtlebot3_ws/install/motion_control/lib/python3.10/site-packages:${PYTHONPATH} /usr/bin/python3 setup.py egg_info --egg-base ../../build/motion_control build --build-base /home/bpresa/Mechatronics_and_Robot_Programming/Exercises/Exercise_03/Task_02/ros_turtlebot3_ws/build/motion_control/build install --record /home/bpresa/Mechatronics_and_Robot_Programming/Exercises/Exercise_03/Task_02/ros_turtlebot3_ws/build/motion_control/install.log --single-version-externally-managed
[3.191s] DEBUG:colcon.colcon_core.event_handler.log_command:Invoked command in '/home/bpresa/Mechatronics_and_Robot_Programming/Exercises/Exercise_03/Task_02/ros_turtlebot3_ws/src/motion_control' returned '0': PYTHONPATH=/home/bpresa/Mechatronics_and_Robot_Programming/Exercises/Exercise_03/Task_02/ros_turtlebot3_ws/build/motion_control/prefix_override:/home/bpresa/Mechatronics_and_Robot_Programming/Exercises/Exercise_03/Task_02/ros_turtlebot3_ws/install/motion_control/lib/python3.10/site-packages:${PYTHONPATH} /usr/bin/python3 setup.py egg_info --egg-base ../../build/motion_control build --build-base /home/bpresa/Mechatronics_and_Robot_Programming/Exercises/Exercise_03/Task_02/ros_turtlebot3_ws/build/motion_control/build install --record /home/bpresa/Mechatronics_and_Robot_Programming/Exercises/Exercise_03/Task_02/ros_turtlebot3_ws/build/motion_control/install.log --single-version-externally-managed
[3.203s] Level 1:colcon.colcon_core.environment:checking '/home/bpresa/Mechatronics_and_Robot_Programming/Exercises/Exercise_03/Task_02/ros_turtlebot3_ws/install/motion_control' for CMake module files
[3.203s] Level 1:colcon.colcon_core.environment:checking '/home/bpresa/Mechatronics_and_Robot_Programming/Exercises/Exercise_03/Task_02/ros_turtlebot3_ws/install/motion_control' for CMake config files
[3.205s] Level 1:colcon.colcon_core.environment:checking '/home/bpresa/Mechatronics_and_Robot_Programming/Exercises/Exercise_03/Task_02/ros_turtlebot3_ws/install/motion_control/lib'
[3.206s] Level 1:colcon.colcon_core.environment:checking '/home/bpresa/Mechatronics_and_Robot_Programming/Exercises/Exercise_03/Task_02/ros_turtlebot3_ws/install/motion_control/bin'
[3.206s] Level 1:colcon.colcon_core.environment:checking '/home/bpresa/Mechatronics_and_Robot_Programming/Exercises/Exercise_03/Task_02/ros_turtlebot3_ws/install/motion_control/lib/pkgconfig/motion_control.pc'
[3.207s] Level 1:colcon.colcon_core.environment:checking '/home/bpresa/Mechatronics_and_Robot_Programming/Exercises/Exercise_03/Task_02/ros_turtlebot3_ws/install/motion_control/lib/python3.10/site-packages'
[3.207s] Level 1:colcon.colcon_core.shell:create_environment_hook('motion_control', 'pythonpath')
[3.212s] INFO:colcon.colcon_core.shell:Creating environment hook '/home/bpresa/Mechatronics_and_Robot_Programming/Exercises/Exercise_03/Task_02/ros_turtlebot3_ws/install/motion_control/share/motion_control/hook/pythonpath.ps1'
[3.214s] INFO:colcon.colcon_core.shell:Creating environment descriptor '/home/bpresa/Mechatronics_and_Robot_Programming/Exercises/Exercise_03/Task_02/ros_turtlebot3_ws/install/motion_control/share/motion_control/hook/pythonpath.dsv'
[3.215s] INFO:colcon.colcon_core.shell:Creating environment hook '/home/bpresa/Mechatronics_and_Robot_Programming/Exercises/Exercise_03/Task_02/ros_turtlebot3_ws/install/motion_control/share/motion_control/hook/pythonpath.sh'
[3.216s] Level 1:colcon.colcon_core.environment:checking '/home/bpresa/Mechatronics_and_Robot_Programming/Exercises/Exercise_03/Task_02/ros_turtlebot3_ws/install/motion_control/bin'
[3.217s] Level 1:colcon.colcon_core.environment:create_environment_scripts_only(motion_control)
[3.221s] INFO:colcon.colcon_core.shell:Creating package script '/home/bpresa/Mechatronics_and_Robot_Programming/Exercises/Exercise_03/Task_02/ros_turtlebot3_ws/install/motion_control/share/motion_control/package.ps1'
[3.222s] INFO:colcon.colcon_core.shell:Creating package descriptor '/home/bpresa/Mechatronics_and_Robot_Programming/Exercises/Exercise_03/Task_02/ros_turtlebot3_ws/install/motion_control/share/motion_control/package.dsv'
[3.223s] INFO:colcon.colcon_core.shell:Creating package script '/home/bpresa/Mechatronics_and_Robot_Programming/Exercises/Exercise_03/Task_02/ros_turtlebot3_ws/install/motion_control/share/motion_control/package.sh'
[3.226s] INFO:colcon.colcon_core.shell:Creating package script '/home/bpresa/Mechatronics_and_Robot_Programming/Exercises/Exercise_03/Task_02/ros_turtlebot3_ws/install/motion_control/share/motion_control/package.bash'
[3.228s] INFO:colcon.colcon_core.shell:Creating package script '/home/bpresa/Mechatronics_and_Robot_Programming/Exercises/Exercise_03/Task_02/ros_turtlebot3_ws/install/motion_control/share/motion_control/package.zsh'
[3.231s] Level 1:colcon.colcon_core.environment:create_file_with_runtime_dependencies(/home/bpresa/Mechatronics_and_Robot_Programming/Exercises/Exercise_03/Task_02/ros_turtlebot3_ws/install/motion_control/share/colcon-core/packages/motion_control)
[3.231s] DEBUG:colcon.colcon_parallel_executor.executor.parallel:closing loop
[3.232s] DEBUG:colcon.colcon_parallel_executor.executor.parallel:loop closed
[3.232s] DEBUG:colcon.colcon_parallel_executor.executor.parallel:run_until_complete finished with '0'
[3.232s] DEBUG:colcon.colcon_core.event_reactor:joining thread
[3.245s] INFO:colcon.colcon_core.plugin_system:Skipping extension 'colcon_notification.desktop_notification.terminal_notifier': Not used on non-Darwin systems
[3.245s] INFO:colcon.colcon_core.plugin_system:Skipping extension 'colcon_notification.desktop_notification.win32': Not used on non-Windows systems
[3.246s] INFO:colcon.colcon_notification.desktop_notification:Sending desktop notification using 'notify2'
[3.267s] DEBUG:colcon.colcon_core.event_reactor:joined thread
[3.270s] INFO:colcon.colcon_core.shell:Creating prefix script '/home/bpresa/Mechatronics_and_Robot_Programming/Exercises/Exercise_03/Task_02/ros_turtlebot3_ws/install/local_setup.ps1'
[3.271s] INFO:colcon.colcon_core.shell:Creating prefix util module '/home/bpresa/Mechatronics_and_Robot_Programming/Exercises/Exercise_03/Task_02/ros_turtlebot3_ws/install/_local_setup_util_ps1.py'
[3.274s] INFO:colcon.colcon_core.shell:Creating prefix chain script '/home/bpresa/Mechatronics_and_Robot_Programming/Exercises/Exercise_03/Task_02/ros_turtlebot3_ws/install/setup.ps1'
[3.281s] INFO:colcon.colcon_core.shell:Creating prefix script '/home/bpresa/Mechatronics_and_Robot_Programming/Exercises/Exercise_03/Task_02/ros_turtlebot3_ws/install/local_setup.sh'
[3.282s] INFO:colcon.colcon_core.shell:Creating prefix util module '/home/bpresa/Mechatronics_and_Robot_Programming/Exercises/Exercise_03/Task_02/ros_turtlebot3_ws/install/_local_setup_util_sh.py'
[3.283s] INFO:colcon.colcon_core.shell:Creating prefix chain script '/home/bpresa/Mechatronics_and_Robot_Programming/Exercises/Exercise_03/Task_02/ros_turtlebot3_ws/install/setup.sh'
[3.287s] INFO:colcon.colcon_core.shell:Creating prefix script '/home/bpresa/Mechatronics_and_Robot_Programming/Exercises/Exercise_03/Task_02/ros_turtlebot3_ws/install/local_setup.bash'
[3.287s] INFO:colcon.colcon_core.shell:Creating prefix chain script '/home/bpresa/Mechatronics_and_Robot_Programming/Exercises/Exercise_03/Task_02/ros_turtlebot3_ws/install/setup.bash'
[3.291s] INFO:colcon.colcon_core.shell:Creating prefix script '/home/bpresa/Mechatronics_and_Robot_Programming/Exercises/Exercise_03/Task_02/ros_turtlebot3_ws/install/local_setup.zsh'
[3.292s] INFO:colcon.colcon_core.shell:Creating prefix chain script '/home/bpresa/Mechatronics_and_Robot_Programming/Exercises/Exercise_03/Task_02/ros_turtlebot3_ws/install/setup.zsh'
