[0.950s] Invoking command in '/home/bpresa/Mechatronics_and_Robot_Programming/Exercises/Exercise_03/Task_02/ros_turtlebot3_ws/src/motion_control': PYTHONPATH=/home/bpresa/Mechatronics_and_Robot_Programming/Exercises/Exercise_03/Task_02/ros_turtlebot3_ws/build/motion_control/prefix_override:/home/bpresa/Mechatronics_and_Robot_Programming/Exercises/Exercise_03/Task_02/ros_turtlebot3_ws/install/motion_control/lib/python3.10/site-packages:${PYTHONPATH} /usr/bin/python3 setup.py egg_info --egg-base ../../build/motion_control build --build-base /home/bpresa/Mechatronics_and_Robot_Programming/Exercises/Exercise_03/Task_02/ros_turtlebot3_ws/build/motion_control/build install --record /home/bpresa/Mechatronics_and_Robot_Programming/Exercises/Exercise_03/Task_02/ros_turtlebot3_ws/build/motion_control/install.log --single-version-externally-managed
[1.192s] running egg_info
[1.208s] writing ../../build/motion_control/motion_control.egg-info/PKG-INFO
[1.209s] writing dependency_links to ../../build/motion_control/motion_control.egg-info/dependency_links.txt
[1.209s] writing entry points to ../../build/motion_control/motion_control.egg-info/entry_points.txt
[1.209s] writing requirements to ../../build/motion_control/motion_control.egg-info/requires.txt
[1.209s] writing top-level names to ../../build/motion_control/motion_control.egg-info/top_level.txt
[1.244s] reading manifest file '../../build/motion_control/motion_control.egg-info/SOURCES.txt'
[1.245s] writing manifest file '../../build/motion_control/motion_control.egg-info/SOURCES.txt'
[1.245s] running build
[1.245s] running build_py
[1.245s] copying motion_control/turtlebot3_position_control.py -> /home/bpresa/Mechatronics_and_Robot_Programming/Exercises/Exercise_03/Task_02/ros_turtlebot3_ws/build/motion_control/build/lib/motion_control
[1.246s] running install
[1.246s] /home/bpresa/.local/lib/python3.10/site-packages/setuptools/_distutils/cmd.py:66: SetuptoolsDeprecationWarning: setup.py install is deprecated.
[1.246s] !!
[1.246s] 
[1.246s]         ********************************************************************************
[1.246s]         Please avoid running ``setup.py`` directly.
[1.246s]         Instead, use pypa/build, pypa/installer or other
[1.246s]         standards-based tools.
[1.246s] 
[1.246s]         See https://blog.ganssle.io/articles/2021/10/setup-py-deprecated.html for details.
[1.247s]         ********************************************************************************
[1.247s] 
[1.247s] !!
[1.247s]   self.initialize_options()
[1.252s] running install_lib
[1.269s] copying /home/bpresa/Mechatronics_and_Robot_Programming/Exercises/Exercise_03/Task_02/ros_turtlebot3_ws/build/motion_control/build/lib/motion_control/turtlebot3_position_control.py -> /home/bpresa/Mechatronics_and_Robot_Programming/Exercises/Exercise_03/Task_02/ros_turtlebot3_ws/install/motion_control/lib/python3.10/site-packages/motion_control
[1.270s] byte-compiling /home/bpresa/Mechatronics_and_Robot_Programming/Exercises/Exercise_03/Task_02/ros_turtlebot3_ws/install/motion_control/lib/python3.10/site-packages/motion_control/turtlebot3_position_control.py to turtlebot3_position_control.cpython-310.pyc
[1.271s] running install_data
[1.289s] running install_egg_info
[1.307s] removing '/home/bpresa/Mechatronics_and_Robot_Programming/Exercises/Exercise_03/Task_02/ros_turtlebot3_ws/install/motion_control/lib/python3.10/site-packages/motion_control-0.0.0-py3.10.egg-info' (and everything under it)
[1.307s] Copying ../../build/motion_control/motion_control.egg-info to /home/bpresa/Mechatronics_and_Robot_Programming/Exercises/Exercise_03/Task_02/ros_turtlebot3_ws/install/motion_control/lib/python3.10/site-packages/motion_control-0.0.0-py3.10.egg-info
[1.308s] running install_scripts
[1.469s] Installing motion_ctrl script to /home/bpresa/Mechatronics_and_Robot_Programming/Exercises/Exercise_03/Task_02/ros_turtlebot3_ws/install/motion_control/lib/motion_control
[1.470s] writing list of installed files to '/home/bpresa/Mechatronics_and_Robot_Programming/Exercises/Exercise_03/Task_02/ros_turtlebot3_ws/build/motion_control/install.log'
[1.506s] Invoked command in '/home/bpresa/Mechatronics_and_Robot_Programming/Exercises/Exercise_03/Task_02/ros_turtlebot3_ws/src/motion_control' returned '0': PYTHONPATH=/home/bpresa/Mechatronics_and_Robot_Programming/Exercises/Exercise_03/Task_02/ros_turtlebot3_ws/build/motion_control/prefix_override:/home/bpresa/Mechatronics_and_Robot_Programming/Exercises/Exercise_03/Task_02/ros_turtlebot3_ws/install/motion_control/lib/python3.10/site-packages:${PYTHONPATH} /usr/bin/python3 setup.py egg_info --egg-base ../../build/motion_control build --build-base /home/bpresa/Mechatronics_and_Robot_Programming/Exercises/Exercise_03/Task_02/ros_turtlebot3_ws/build/motion_control/build install --record /home/bpresa/Mechatronics_and_Robot_Programming/Exercises/Exercise_03/Task_02/ros_turtlebot3_ws/build/motion_control/install.log --single-version-externally-managed
